-------------------------------------------------------------------------------
Test set: com.crm.BaseTest
-------------------------------------------------------------------------------
Tests run: 1, Failures: 0, Errors: 1, Skipped: 0, Time elapsed: 1.153 s <<< FAILURE! - in com.crm.BaseTest
initializationError(com.crm.BaseTest)  Time elapsed: 0.003 s  <<< ERROR!
java.lang.Exception: No runnable methods

